<?xml version="1.0" encoding="UTF-8"?>
<testsuite xmlns:xsi="http://www.w3.org/2001/XMLSchema-instance" xsi:noNamespaceSchemaLocation="https://maven.apache.org/surefire/maven-surefire-plugin/xsd/surefire-test-report.xsd" name="com.nixsolutions.webapp.dao.SpringUserTest" time="0.214" tests="9" errors="0" skipped="0" failures="0">
  <properties>
    <property name="sun.desktop" value="gnome"/>
    <property name="awt.toolkit" value="sun.awt.X11.XToolkit"/>
    <property name="file.encoding.pkg" value="sun.io"/>
    <property name="java.specification.version" value="1.8"/>
    <property name="sun.cpu.isalist" value=""/>
    <property name="sun.jnu.encoding" value="UTF-8"/>
    <property name="java.class.path" value="/home/NIX/piskaryov/eclipse-workspace/wappMockito/target/test-classes:/home/NIX/piskaryov/eclipse-workspace/wappMockito/target/classes:/home/NIX/piskaryov/.m2/repository/junit/junit/4.12/junit-4.12.jar:/home/NIX/piskaryov/.m2/repository/org/dbunit/dbunit/2.5.3/dbunit-2.5.3.jar:/home/NIX/piskaryov/.m2/repository/org/slf4j/slf4j-api/1.7.21/slf4j-api-1.7.21.jar:/home/NIX/piskaryov/.m2/repository/commons-collections/commons-collections/3.2.2/commons-collections-3.2.2.jar:/home/NIX/piskaryov/.m2/repository/org/apache/poi/poi-ooxml/3.14/poi-ooxml-3.14.jar:/home/NIX/piskaryov/.m2/repository/org/apache/poi/poi/3.14/poi-3.14.jar:/home/NIX/piskaryov/.m2/repository/commons-codec/commons-codec/1.10/commons-codec-1.10.jar:/home/NIX/piskaryov/.m2/repository/org/apache/poi/poi-ooxml-schemas/3.14/poi-ooxml-schemas-3.14.jar:/home/NIX/piskaryov/.m2/repository/org/apache/xmlbeans/xmlbeans/2.6.0/xmlbeans-2.6.0.jar:/home/NIX/piskaryov/.m2/repository/stax/stax-api/1.0.1/stax-api-1.0.1.jar:/home/NIX/piskaryov/.m2/repository/com/github/virtuald/curvesapi/1.03/curvesapi-1.03.jar:/home/NIX/piskaryov/.m2/repository/com/github/springtestdbunit/spring-test-dbunit/1.1.0/spring-test-dbunit-1.1.0.jar:/home/NIX/piskaryov/.m2/repository/com/h2database/h2/1.4.197/h2-1.4.197.jar:/home/NIX/piskaryov/.m2/repository/org/apache/commons/commons-dbcp2/2.5.0/commons-dbcp2-2.5.0.jar:/home/NIX/piskaryov/.m2/repository/org/apache/commons/commons-pool2/2.6.0/commons-pool2-2.6.0.jar:/home/NIX/piskaryov/.m2/repository/commons-logging/commons-logging/1.2/commons-logging-1.2.jar:/home/NIX/piskaryov/.m2/repository/log4j/log4j/1.2.17/log4j-1.2.17.jar:/home/NIX/piskaryov/.m2/repository/javax/servlet/javax.servlet-api/4.0.0/javax.servlet-api-4.0.0.jar:/home/NIX/piskaryov/.m2/repository/javax/servlet/jsp/jsp-api/2.0/jsp-api-2.0.jar:/home/NIX/piskaryov/.m2/repository/jstl/jstl/1.2/jstl-1.2.jar:/home/NIX/piskaryov/.m2/repository/io/agroal/agroal-pool/1.3/agroal-pool-1.3.jar:/home/NIX/piskaryov/.m2/repository/org/jboss/logging/jboss-logging/3.3.2.Final/jboss-logging-3.3.2.Final.jar:/home/NIX/piskaryov/.m2/repository/org/hibernate/hibernate-core/5.4.1.Final/hibernate-core-5.4.1.Final.jar:/home/NIX/piskaryov/.m2/repository/javax/persistence/javax.persistence-api/2.2/javax.persistence-api-2.2.jar:/home/NIX/piskaryov/.m2/repository/org/javassist/javassist/3.24.0-GA/javassist-3.24.0-GA.jar:/home/NIX/piskaryov/.m2/repository/antlr/antlr/2.7.7/antlr-2.7.7.jar:/home/NIX/piskaryov/.m2/repository/org/jboss/spec/javax/transaction/jboss-transaction-api_1.2_spec/1.1.1.Final/jboss-transaction-api_1.2_spec-1.1.1.Final.jar:/home/NIX/piskaryov/.m2/repository/org/jboss/jandex/2.0.5.Final/jandex-2.0.5.Final.jar:/home/NIX/piskaryov/.m2/repository/javax/activation/javax.activation-api/1.2.0/javax.activation-api-1.2.0.jar:/home/NIX/piskaryov/.m2/repository/org/dom4j/dom4j/2.1.1/dom4j-2.1.1.jar:/home/NIX/piskaryov/.m2/repository/org/hibernate/common/hibernate-commons-annotations/5.1.0.Final/hibernate-commons-annotations-5.1.0.Final.jar:/home/NIX/piskaryov/.m2/repository/javax/xml/bind/jaxb-api/2.3.1/jaxb-api-2.3.1.jar:/home/NIX/piskaryov/.m2/repository/org/glassfish/jaxb/jaxb-runtime/2.3.1/jaxb-runtime-2.3.1.jar:/home/NIX/piskaryov/.m2/repository/org/glassfish/jaxb/txw2/2.3.1/txw2-2.3.1.jar:/home/NIX/piskaryov/.m2/repository/com/sun/istack/istack-commons-runtime/3.0.7/istack-commons-runtime-3.0.7.jar:/home/NIX/piskaryov/.m2/repository/org/jvnet/staxex/stax-ex/1.8/stax-ex-1.8.jar:/home/NIX/piskaryov/.m2/repository/com/sun/xml/fastinfoset/FastInfoset/1.2.15/FastInfoset-1.2.15.jar:/home/NIX/piskaryov/.m2/repository/io/agroal/agroal-api/1.3/agroal-api-1.3.jar:/home/NIX/piskaryov/.m2/repository/org/springframework/spring-context/5.1.4.RELEASE/spring-context-5.1.4.RELEASE.jar:/home/NIX/piskaryov/.m2/repository/org/springframework/spring-aop/5.1.4.RELEASE/spring-aop-5.1.4.RELEASE.jar:/home/NIX/piskaryov/.m2/repository/org/springframework/spring-expression/5.1.4.RELEASE/spring-expression-5.1.4.RELEASE.jar:/home/NIX/piskaryov/.m2/repository/org/springframework/security/spring-security-core/5.1.2.RELEASE/spring-security-core-5.1.2.RELEASE.jar:/home/NIX/piskaryov/.m2/repository/org/springframework/security/spring-security-web/5.0.0.RELEASE/spring-security-web-5.0.0.RELEASE.jar:/home/NIX/piskaryov/.m2/repository/org/springframework/security/spring-security-config/5.0.0.RELEASE/spring-security-config-5.0.0.RELEASE.jar:/home/NIX/piskaryov/.m2/repository/org/springframework/spring-test/5.1.2.RELEASE/spring-test-5.1.2.RELEASE.jar:/home/NIX/piskaryov/.m2/repository/org/springframework/spring-core/5.1.2.RELEASE/spring-core-5.1.2.RELEASE.jar:/home/NIX/piskaryov/.m2/repository/org/springframework/spring-jcl/5.1.2.RELEASE/spring-jcl-5.1.2.RELEASE.jar:/home/NIX/piskaryov/.m2/repository/org/springframework/spring-beans/5.1.2.RELEASE/spring-beans-5.1.2.RELEASE.jar:/home/NIX/piskaryov/.m2/repository/org/springframework/spring-web/5.1.2.RELEASE/spring-web-5.1.2.RELEASE.jar:/home/NIX/piskaryov/.m2/repository/org/springframework/spring-webmvc/5.1.2.RELEASE/spring-webmvc-5.1.2.RELEASE.jar:/home/NIX/piskaryov/.m2/repository/org/springframework/spring-orm/5.1.2.RELEASE/spring-orm-5.1.2.RELEASE.jar:/home/NIX/piskaryov/.m2/repository/org/springframework/spring-jdbc/5.1.2.RELEASE/spring-jdbc-5.1.2.RELEASE.jar:/home/NIX/piskaryov/.m2/repository/org/hibernate/validator/hibernate-validator/6.0.10.Final/hibernate-validator-6.0.10.Final.jar:/home/NIX/piskaryov/.m2/repository/javax/validation/validation-api/2.0.1.Final/validation-api-2.0.1.Final.jar:/home/NIX/piskaryov/.m2/repository/com/fasterxml/classmate/1.3.4/classmate-1.3.4.jar:/home/NIX/piskaryov/.m2/repository/org/springframework/spring-tx/5.1.3.RELEASE/spring-tx-5.1.3.RELEASE.jar:/home/NIX/piskaryov/.m2/repository/org/springframework/security/spring-security-taglibs/5.1.1.RELEASE/spring-security-taglibs-5.1.1.RELEASE.jar:/home/NIX/piskaryov/.m2/repository/org/springframework/security/spring-security-acl/5.1.1.RELEASE/spring-security-acl-5.1.1.RELEASE.jar:/home/NIX/piskaryov/.m2/repository/org/mockito/mockito-core/2.23.4/mockito-core-2.23.4.jar:/home/NIX/piskaryov/.m2/repository/net/bytebuddy/byte-buddy/1.9.3/byte-buddy-1.9.3.jar:/home/NIX/piskaryov/.m2/repository/net/bytebuddy/byte-buddy-agent/1.9.3/byte-buddy-agent-1.9.3.jar:/home/NIX/piskaryov/.m2/repository/org/objenesis/objenesis/2.6/objenesis-2.6.jar:/home/NIX/piskaryov/.m2/repository/org/hamcrest/hamcrest-core/1.3/hamcrest-core-1.3.jar:/home/NIX/piskaryov/.m2/repository/org/hamcrest/hamcrest-library/1.3/hamcrest-library-1.3.jar:"/>
    <property name="java.vm.vendor" value="Oracle Corporation"/>
    <property name="sun.arch.data.model" value="64"/>
    <property name="java.vendor.url" value="http://java.oracle.com/"/>
    <property name="user.timezone" value=""/>
    <property name="java.vm.specification.version" value="1.8"/>
    <property name="os.name" value="Linux"/>
    <property name="user.country" value="US"/>
    <property name="sun.java.launcher" value="SUN_STANDARD"/>
    <property name="sun.boot.library.path" value="/usr/lib/jvm/java-8-oracle/jre/lib/amd64"/>
    <property name="sun.java.command" value="/home/NIX/piskaryov/eclipse-workspace/wappMockito/target/surefire/surefirebooter9054670142386869821.jar /home/NIX/piskaryov/eclipse-workspace/wappMockito/target/surefire 2019-02-22T10-40-33_511-jvmRun1 surefire3512269345678888606tmp surefire_02726753922986636457tmp"/>
    <property name="surefire.test.class.path" value="/home/NIX/piskaryov/eclipse-workspace/wappMockito/target/test-classes:/home/NIX/piskaryov/eclipse-workspace/wappMockito/target/classes:/home/NIX/piskaryov/.m2/repository/junit/junit/4.12/junit-4.12.jar:/home/NIX/piskaryov/.m2/repository/org/dbunit/dbunit/2.5.3/dbunit-2.5.3.jar:/home/NIX/piskaryov/.m2/repository/org/slf4j/slf4j-api/1.7.21/slf4j-api-1.7.21.jar:/home/NIX/piskaryov/.m2/repository/commons-collections/commons-collections/3.2.2/commons-collections-3.2.2.jar:/home/NIX/piskaryov/.m2/repository/org/apache/poi/poi-ooxml/3.14/poi-ooxml-3.14.jar:/home/NIX/piskaryov/.m2/repository/org/apache/poi/poi/3.14/poi-3.14.jar:/home/NIX/piskaryov/.m2/repository/commons-codec/commons-codec/1.10/commons-codec-1.10.jar:/home/NIX/piskaryov/.m2/repository/org/apache/poi/poi-ooxml-schemas/3.14/poi-ooxml-schemas-3.14.jar:/home/NIX/piskaryov/.m2/repository/org/apache/xmlbeans/xmlbeans/2.6.0/xmlbeans-2.6.0.jar:/home/NIX/piskaryov/.m2/repository/stax/stax-api/1.0.1/stax-api-1.0.1.jar:/home/NIX/piskaryov/.m2/repository/com/github/virtuald/curvesapi/1.03/curvesapi-1.03.jar:/home/NIX/piskaryov/.m2/repository/com/github/springtestdbunit/spring-test-dbunit/1.1.0/spring-test-dbunit-1.1.0.jar:/home/NIX/piskaryov/.m2/repository/com/h2database/h2/1.4.197/h2-1.4.197.jar:/home/NIX/piskaryov/.m2/repository/org/apache/commons/commons-dbcp2/2.5.0/commons-dbcp2-2.5.0.jar:/home/NIX/piskaryov/.m2/repository/org/apache/commons/commons-pool2/2.6.0/commons-pool2-2.6.0.jar:/home/NIX/piskaryov/.m2/repository/commons-logging/commons-logging/1.2/commons-logging-1.2.jar:/home/NIX/piskaryov/.m2/repository/log4j/log4j/1.2.17/log4j-1.2.17.jar:/home/NIX/piskaryov/.m2/repository/javax/servlet/javax.servlet-api/4.0.0/javax.servlet-api-4.0.0.jar:/home/NIX/piskaryov/.m2/repository/javax/servlet/jsp/jsp-api/2.0/jsp-api-2.0.jar:/home/NIX/piskaryov/.m2/repository/jstl/jstl/1.2/jstl-1.2.jar:/home/NIX/piskaryov/.m2/repository/io/agroal/agroal-pool/1.3/agroal-pool-1.3.jar:/home/NIX/piskaryov/.m2/repository/org/jboss/logging/jboss-logging/3.3.2.Final/jboss-logging-3.3.2.Final.jar:/home/NIX/piskaryov/.m2/repository/org/hibernate/hibernate-core/5.4.1.Final/hibernate-core-5.4.1.Final.jar:/home/NIX/piskaryov/.m2/repository/javax/persistence/javax.persistence-api/2.2/javax.persistence-api-2.2.jar:/home/NIX/piskaryov/.m2/repository/org/javassist/javassist/3.24.0-GA/javassist-3.24.0-GA.jar:/home/NIX/piskaryov/.m2/repository/antlr/antlr/2.7.7/antlr-2.7.7.jar:/home/NIX/piskaryov/.m2/repository/org/jboss/spec/javax/transaction/jboss-transaction-api_1.2_spec/1.1.1.Final/jboss-transaction-api_1.2_spec-1.1.1.Final.jar:/home/NIX/piskaryov/.m2/repository/org/jboss/jandex/2.0.5.Final/jandex-2.0.5.Final.jar:/home/NIX/piskaryov/.m2/repository/javax/activation/javax.activation-api/1.2.0/javax.activation-api-1.2.0.jar:/home/NIX/piskaryov/.m2/repository/org/dom4j/dom4j/2.1.1/dom4j-2.1.1.jar:/home/NIX/piskaryov/.m2/repository/org/hibernate/common/hibernate-commons-annotations/5.1.0.Final/hibernate-commons-annotations-5.1.0.Final.jar:/home/NIX/piskaryov/.m2/repository/javax/xml/bind/jaxb-api/2.3.1/jaxb-api-2.3.1.jar:/home/NIX/piskaryov/.m2/repository/org/glassfish/jaxb/jaxb-runtime/2.3.1/jaxb-runtime-2.3.1.jar:/home/NIX/piskaryov/.m2/repository/org/glassfish/jaxb/txw2/2.3.1/txw2-2.3.1.jar:/home/NIX/piskaryov/.m2/repository/com/sun/istack/istack-commons-runtime/3.0.7/istack-commons-runtime-3.0.7.jar:/home/NIX/piskaryov/.m2/repository/org/jvnet/staxex/stax-ex/1.8/stax-ex-1.8.jar:/home/NIX/piskaryov/.m2/repository/com/sun/xml/fastinfoset/FastInfoset/1.2.15/FastInfoset-1.2.15.jar:/home/NIX/piskaryov/.m2/repository/io/agroal/agroal-api/1.3/agroal-api-1.3.jar:/home/NIX/piskaryov/.m2/repository/org/springframework/spring-context/5.1.4.RELEASE/spring-context-5.1.4.RELEASE.jar:/home/NIX/piskaryov/.m2/repository/org/springframework/spring-aop/5.1.4.RELEASE/spring-aop-5.1.4.RELEASE.jar:/home/NIX/piskaryov/.m2/repository/org/springframework/spring-expression/5.1.4.RELEASE/spring-expression-5.1.4.RELEASE.jar:/home/NIX/piskaryov/.m2/repository/org/springframework/security/spring-security-core/5.1.2.RELEASE/spring-security-core-5.1.2.RELEASE.jar:/home/NIX/piskaryov/.m2/repository/org/springframework/security/spring-security-web/5.0.0.RELEASE/spring-security-web-5.0.0.RELEASE.jar:/home/NIX/piskaryov/.m2/repository/org/springframework/security/spring-security-config/5.0.0.RELEASE/spring-security-config-5.0.0.RELEASE.jar:/home/NIX/piskaryov/.m2/repository/org/springframework/spring-test/5.1.2.RELEASE/spring-test-5.1.2.RELEASE.jar:/home/NIX/piskaryov/.m2/repository/org/springframework/spring-core/5.1.2.RELEASE/spring-core-5.1.2.RELEASE.jar:/home/NIX/piskaryov/.m2/repository/org/springframework/spring-jcl/5.1.2.RELEASE/spring-jcl-5.1.2.RELEASE.jar:/home/NIX/piskaryov/.m2/repository/org/springframework/spring-beans/5.1.2.RELEASE/spring-beans-5.1.2.RELEASE.jar:/home/NIX/piskaryov/.m2/repository/org/springframework/spring-web/5.1.2.RELEASE/spring-web-5.1.2.RELEASE.jar:/home/NIX/piskaryov/.m2/repository/org/springframework/spring-webmvc/5.1.2.RELEASE/spring-webmvc-5.1.2.RELEASE.jar:/home/NIX/piskaryov/.m2/repository/org/springframework/spring-orm/5.1.2.RELEASE/spring-orm-5.1.2.RELEASE.jar:/home/NIX/piskaryov/.m2/repository/org/springframework/spring-jdbc/5.1.2.RELEASE/spring-jdbc-5.1.2.RELEASE.jar:/home/NIX/piskaryov/.m2/repository/org/hibernate/validator/hibernate-validator/6.0.10.Final/hibernate-validator-6.0.10.Final.jar:/home/NIX/piskaryov/.m2/repository/javax/validation/validation-api/2.0.1.Final/validation-api-2.0.1.Final.jar:/home/NIX/piskaryov/.m2/repository/com/fasterxml/classmate/1.3.4/classmate-1.3.4.jar:/home/NIX/piskaryov/.m2/repository/org/springframework/spring-tx/5.1.3.RELEASE/spring-tx-5.1.3.RELEASE.jar:/home/NIX/piskaryov/.m2/repository/org/springframework/security/spring-security-taglibs/5.1.1.RELEASE/spring-security-taglibs-5.1.1.RELEASE.jar:/home/NIX/piskaryov/.m2/repository/org/springframework/security/spring-security-acl/5.1.1.RELEASE/spring-security-acl-5.1.1.RELEASE.jar:/home/NIX/piskaryov/.m2/repository/org/mockito/mockito-core/2.23.4/mockito-core-2.23.4.jar:/home/NIX/piskaryov/.m2/repository/net/bytebuddy/byte-buddy/1.9.3/byte-buddy-1.9.3.jar:/home/NIX/piskaryov/.m2/repository/net/bytebuddy/byte-buddy-agent/1.9.3/byte-buddy-agent-1.9.3.jar:/home/NIX/piskaryov/.m2/repository/org/objenesis/objenesis/2.6/objenesis-2.6.jar:/home/NIX/piskaryov/.m2/repository/org/hamcrest/hamcrest-core/1.3/hamcrest-core-1.3.jar:/home/NIX/piskaryov/.m2/repository/org/hamcrest/hamcrest-library/1.3/hamcrest-library-1.3.jar:"/>
    <property name="sun.cpu.endian" value="little"/>
    <property name="user.home" value="/home/NIX/piskaryov"/>
    <property name="user.language" value="en"/>
    <property name="java.specification.vendor" value="Oracle Corporation"/>
    <property name="java.home" value="/usr/lib/jvm/java-8-oracle/jre"/>
    <property name="basedir" value="/home/NIX/piskaryov/eclipse-workspace/wappMockito"/>
    <property name="file.separator" value="/"/>
    <property name="line.separator" value="&#10;"/>
    <property name="java.vm.specification.vendor" value="Oracle Corporation"/>
    <property name="java.specification.name" value="Java Platform API Specification"/>
    <property name="java.awt.graphicsenv" value="sun.awt.X11GraphicsEnvironment"/>
    <property name="surefire.real.class.path" value="/home/NIX/piskaryov/eclipse-workspace/wappMockito/target/surefire/surefirebooter9054670142386869821.jar"/>
    <property name="sun.boot.class.path" value="/usr/lib/jvm/java-8-oracle/jre/lib/resources.jar:/usr/lib/jvm/java-8-oracle/jre/lib/rt.jar:/usr/lib/jvm/java-8-oracle/jre/lib/sunrsasign.jar:/usr/lib/jvm/java-8-oracle/jre/lib/jsse.jar:/usr/lib/jvm/java-8-oracle/jre/lib/jce.jar:/usr/lib/jvm/java-8-oracle/jre/lib/charsets.jar:/usr/lib/jvm/java-8-oracle/jre/lib/jfr.jar:/usr/lib/jvm/java-8-oracle/jre/classes"/>
    <property name="sun.management.compiler" value="HotSpot 64-Bit Tiered Compilers"/>
    <property name="java.runtime.version" value="1.8.0_201-b09"/>
    <property name="user.name" value="piskaryov"/>
    <property name="path.separator" value=":"/>
    <property name="os.version" value="4.15.0-44-generic"/>
    <property name="java.endorsed.dirs" value="/usr/lib/jvm/java-8-oracle/jre/lib/endorsed"/>
    <property name="java.runtime.name" value="Java(TM) SE Runtime Environment"/>
    <property name="file.encoding" value="UTF-8"/>
    <property name="java.vm.name" value="Java HotSpot(TM) 64-Bit Server VM"/>
    <property name="localRepository" value="/home/NIX/piskaryov/.m2/repository"/>
    <property name="java.vendor.url.bug" value="http://bugreport.sun.com/bugreport/"/>
    <property name="java.io.tmpdir" value="/tmp"/>
    <property name="java.version" value="1.8.0_201"/>
    <property name="user.dir" value="/home/NIX/piskaryov/eclipse-workspace/wappMockito"/>
    <property name="os.arch" value="amd64"/>
    <property name="java.vm.specification.name" value="Java Virtual Machine Specification"/>
    <property name="java.awt.printerjob" value="sun.print.PSPrinterJob"/>
    <property name="sun.os.patch.level" value="unknown"/>
    <property name="java.library.path" value="/usr/java/packages/lib/amd64:/usr/lib64:/lib64:/lib:/usr/lib"/>
    <property name="java.vm.info" value="mixed mode"/>
    <property name="java.vendor" value="Oracle Corporation"/>
    <property name="java.vm.version" value="25.201-b09"/>
    <property name="java.ext.dirs" value="/usr/lib/jvm/java-8-oracle/jre/lib/ext:/usr/java/packages/lib/ext"/>
    <property name="sun.io.unicode.encoding" value="UnicodeLittle"/>
    <property name="java.class.version" value="52.0"/>
  </properties>
  <testcase name="testDelUnexisted" classname="com.nixsolutions.webapp.dao.SpringUserTest" time="0.031"/>
  <testcase name="testFindAll" classname="com.nixsolutions.webapp.dao.SpringUserTest" time="0.022"/>
  <testcase name="testFindByEmail" classname="com.nixsolutions.webapp.dao.SpringUserTest" time="0.021"/>
  <testcase name="testFindByLogin" classname="com.nixsolutions.webapp.dao.SpringUserTest" time="0.02"/>
  <testcase name="testUpdUnexist" classname="com.nixsolutions.webapp.dao.SpringUserTest" time="0.02"/>
  <testcase name="testCreate" classname="com.nixsolutions.webapp.dao.SpringUserTest" time="0.022"/>
  <testcase name="testFkViol" classname="com.nixsolutions.webapp.dao.SpringUserTest" time="0.022"/>
  <testcase name="testRemove" classname="com.nixsolutions.webapp.dao.SpringUserTest" time="0.02"/>
  <testcase name="testUpdate" classname="com.nixsolutions.webapp.dao.SpringUserTest" time="0.022"/>
</testsuite>